0 info it worked if it ends with ok
1 verbose cli [ 'node',
1 verbose cli   '/home/max/.nvm/v0.10.40/bin/npm',
1 verbose cli   'install',
1 verbose cli   '--save',
1 verbose cli   'node-deep-extend' ]
2 info using npm@2.0.0
3 info using node@v0.10.40
4 warn package.json node-ws2@1.0.0 No repository field.
5 warn package.json babel-polyfill@6.9.1 No description
6 warn package.json babel-traverse@6.9.0 No description
7 warn package.json string_decoder@0.10.31 string_decoder is also the name of a node core module.
8 verbose readDependencies using package.json deps
9 verbose cache add [ 'node-deep-extend', null ]
10 verbose cache add spec="node-deep-extend" args=["node-deep-extend",null]
11 verbose parsed spec { raw: 'node-deep-extend',
11 verbose parsed spec   scope: null,
11 verbose parsed spec   name: 'node-deep-extend',
11 verbose parsed spec   rawSpec: '',
11 verbose parsed spec   spec: '*',
11 verbose parsed spec   type: 'range' }
12 verbose parsed spec { raw: 'node-deep-extend',
12 verbose parsed spec   scope: null,
12 verbose parsed spec   name: 'node-deep-extend',
12 verbose parsed spec   rawSpec: '',
12 verbose parsed spec   spec: '*',
12 verbose parsed spec   type: 'range' }
13 verbose addNamed [ 'node-deep-extend', '*' ]
14 verbose addNamed [ null, '*' ]
15 silly lockFile 8ddb2f8e-node-deep-extend node-deep-extend@*
16 verbose lock node-deep-extend@* /home/max/.npm/8ddb2f8e-node-deep-extend.lock
17 silly addNameRange { name: 'node-deep-extend', range: '*', hasData: false }
18 verbose mapToRegistry name node-deep-extend
19 verbose mapToRegistry uri https://registry.npmjs.org/node-deep-extend
20 verbose request on initialization, where is /node-deep-extend
21 verbose request after pass 1, where is /node-deep-extend
22 verbose request url raw /node-deep-extend
23 verbose request resolving registry [ 'https://registry.npmjs.org/', './node-deep-extend' ]
24 verbose request after pass 2, where is https://registry.npmjs.org/node-deep-extend
25 verbose request no auth needed
26 info attempt registry request try #1 at 22:22:20
27 verbose request id cff34ace2d5d534a
28 http request GET https://registry.npmjs.org/node-deep-extend
29 http 404 https://registry.npmjs.org/node-deep-extend
30 silly registry.get cb [ 404,
30 silly registry.get   { 'content-type': 'application/json',
30 silly registry.get     'cache-control': 'max-age=0',
30 silly registry.get     'content-length': '2',
30 silly registry.get     'accept-ranges': 'bytes',
30 silly registry.get     date: 'Sat, 04 Jun 2016 05:22:20 GMT',
30 silly registry.get     via: '1.1 varnish',
30 silly registry.get     age: '0',
30 silly registry.get     connection: 'keep-alive',
30 silly registry.get     'x-served-by': 'cache-sjc3131-SJC',
30 silly registry.get     'x-cache': 'MISS',
30 silly registry.get     'x-cache-hits': '0',
30 silly registry.get     'x-timer': 'S1465017740.429217,VS0,VE34',
30 silly registry.get     vary: 'Accept-Encoding' } ]
31 silly lockFile 8ddb2f8e-node-deep-extend node-deep-extend@*
32 silly lockFile 8ddb2f8e-node-deep-extend node-deep-extend@*
33 verbose stack Error: Not Found
33 verbose stack     at errorResponse (/home/max/.nvm/v0.10.40/lib/node_modules/npm/lib/cache/add-named.js:267:10)
33 verbose stack     at setData (/home/max/.nvm/v0.10.40/lib/node_modules/npm/lib/cache/add-named.js:210:12)
33 verbose stack     at saved (/home/max/.nvm/v0.10.40/lib/node_modules/npm/node_modules/npm-registry-client/lib/get.js:167:7)
33 verbose stack     at Object.oncomplete (fs.js:108:15)
34 verbose statusCode 404
35 verbose pkgid node-deep-extend
36 verbose cwd /home/max/Desktop/node-ws
37 error Linux 3.19.0-60-generic
38 error argv "node" "/home/max/.nvm/v0.10.40/bin/npm" "install" "--save" "node-deep-extend"
39 error node v0.10.40
40 error npm  v2.0.0
41 error code E404
42 error 404 Not Found
42 error 404
42 error 404 'node-deep-extend' is not in the npm registry.
42 error 404 You should bug the author to publish it (or use the name yourself!)
42 error 404 It was specified as a dependency of 'node-ws2'
42 error 404
42 error 404 Note that you can also install from a
42 error 404 tarball, folder, http url, or git url.
43 verbose exit [ 1, true ]
